[debug] [2025-12-04T08:36:46.682Z] [Firebase Plugin] Activating Firebase extension.
[debug] [2025-12-04T08:36:55.263Z] [Firebase Plugin] requireAuthWrapper
[debug] [2025-12-04T08:36:55.266Z] > command requires scopes: ["email","openid","https://www.googleapis.com/auth/cloudplatformprojects.readonly","https://www.googleapis.com/auth/firebase","https://www.googleapis.com/auth/cloud-platform"]
[debug] [2025-12-04T08:36:55.266Z] > authorizing via signed-in user (contact.makgroup.digital@gmail.com)
[debug] [2025-12-04T08:36:55.270Z] Checked if tokens are valid: false, expires at: 1764761647691
[debug] [2025-12-04T08:36:55.271Z] Checked if tokens are valid: false, expires at: 1764761647691
[debug] [2025-12-04T08:36:55.272Z] > refreshing access token with scopes: []
[debug] [2025-12-04T08:36:55.274Z] >>> [apiv2][query] POST https://www.googleapis.com/oauth2/v3/token [none]
[debug] [2025-12-04T08:36:55.274Z] >>> [apiv2][body] POST https://www.googleapis.com/oauth2/v3/token [omitted]
[debug] [2025-12-04T08:36:55.288Z] [Firebase Plugin] VSCode notification server listening on port 40001
[info] [Firebase Plugin] Starting Data Connect toolkit (version 2.17.0) on port 50001
[debug] [2025-12-04T08:36:56.282Z] 'fdc build' failed with error: Unable to build your Data Connect schema and connectors (exit code 1): E1204 09:36:56.279183   27837 cmd.go:43] Error loading data connect config: could not find dataconnect.yaml in `/Users/mac/yabisoapprdc/dataconnect`
 {"metadata":{"emulator":{"name":"dataconnect"},"message":"'fdc build' failed with error: Unable to build your Data Connect schema and connectors (exit code 1): E1204 09:36:56.279183   27837 cmd.go:43] Error loading data connect config: could not find dataconnect.yaml in `/Users/mac/yabisoapprdc/dataconnect`\n"}}
[debug] [2025-12-04T08:36:56.283Z] Ignoring unsupported arg: auto_download {"metadata":{"emulator":{"name":"dataconnect"},"message":"Ignoring unsupported arg: auto_download"}}
[debug] [2025-12-04T08:36:56.283Z] Ignoring unsupported arg: port {"metadata":{"emulator":{"name":"dataconnect"},"message":"Ignoring unsupported arg: port"}}
[debug] [2025-12-04T08:36:56.284Z] Starting Data Connect Emulator with command {"binary":"/Users/mac/.cache/firebase/emulators/dataconnect-emulator-2.17.0","args":["--logtostderr","-v=2","dev","--listen=localhost:50001","--config_dir=/Users/mac/yabisoapprdc/dataconnect","--enable_output_schema_extensions=true","--enable_output_generated_sdk=true"],"optionalArgs":["listen","config_dir","enable_output_schema_extensions","enable_output_generated_sdk"],"joinArgs":true,"shell":false,"port":9399} {"metadata":{"emulator":{"name":"dataconnect"},"message":"Starting Data Connect Emulator with command {\"binary\":\"/Users/mac/.cache/firebase/emulators/dataconnect-emulator-2.17.0\",\"args\":[\"--logtostderr\",\"-v=2\",\"dev\",\"--listen=localhost:50001\",\"--config_dir=/Users/mac/yabisoapprdc/dataconnect\",\"--enable_output_schema_extensions=true\",\"--enable_output_generated_sdk=true\"],\"optionalArgs\":[\"listen\",\"config_dir\",\"enable_output_schema_extensions\",\"enable_output_generated_sdk\"],\"joinArgs\":true,\"shell\":false,\"port\":9399}"}}
[info] i  dataconnect: Data Connect Emulator logging to dataconnect-debug.log {"metadata":{"emulator":{"name":"dataconnect"},"message":"Data Connect Emulator logging to dataconnect-debug.log"}}
[debug] [2025-12-04T08:36:56.473Z] E1204 09:36:56.325137   27838 dev.go:82] Failed to load initial config from "/Users/mac/yabisoapprdc/dataconnect": could not find dataconnect.yaml in `/Users/mac/yabisoapprdc/dataconnect`
E1204 09:36:56.358305   27838 watch.go:102] watchAllDir unable to walk dir `/Users/mac/yabisoapprdc/dataconnect`: lstat /Users/mac/yabisoapprdc/dataconnect: no such file or directory
I1204 09:36:56.427553   27838 dev.go:105] Listening on address (HTTP + gRPC): 127.0.0.1:50001
 {"metadata":{"emulator":{"name":"dataconnect"},"message":"E1204 09:36:56.325137   27838 dev.go:82] Failed to load initial config from \"/Users/mac/yabisoapprdc/dataconnect\": could not find dataconnect.yaml in `/Users/mac/yabisoapprdc/dataconnect`\nE1204 09:36:56.358305   27838 watch.go:102] watchAllDir unable to walk dir `/Users/mac/yabisoapprdc/dataconnect`: lstat /Users/mac/yabisoapprdc/dataconnect: no such file or directory\nI1204 09:36:56.427553   27838 dev.go:105] Listening on address (HTTP + gRPC): 127.0.0.1:50001\n"}}
[debug] [2025-12-04T08:36:57.410Z] <<< [apiv2][status] POST https://www.googleapis.com/oauth2/v3/token 200
[debug] [2025-12-04T08:36:57.410Z] <<< [apiv2][body] POST https://www.googleapis.com/oauth2/v3/token [omitted]
[debug] [2025-12-04T08:36:57.508Z] [Firebase Plugin] User found:  contact.makgroup.digital@gmail.com
[info] [Firebase Plugin] (Core:Project) New user detected, fetching projects
[debug] [2025-12-04T08:36:57.510Z] Checked if tokens are valid: true, expires at: 1764841016411
[debug] [2025-12-04T08:36:57.511Z] >>> [apiv2][query] GET https://firebase.googleapis.com/v1beta1/projects pageSize=1000
[debug] [2025-12-04T08:36:58.985Z] <<< [apiv2][status] GET https://firebase.googleapis.com/v1beta1/projects 200
[debug] [2025-12-04T08:36:58.986Z] <<< [apiv2][body] GET https://firebase.googleapis.com/v1beta1/projects [omitted]
[info] [Firebase Plugin] Stopping Data Connect toolkit
[error] [Firebase Plugin]request to http://localhost:50001/v1/projects/p/locations/l/services/undefined:executeGraphqlRead failed, reason: socket hang up {"type":"system","errno":"ECONNRESET","code":"ECONNRESET"}
[error] [Firebase Plugin] error:  {}
[warn] ⚠  Data Connect Emulator has exited upon receiving signal: SIGINT 
[debug] [2025-12-04T08:38:10.266Z] [Firebase Plugin] Activating Firebase extension.
[debug] [2025-12-04T08:38:19.144Z] [Firebase Plugin] requireAuthWrapper
[debug] [2025-12-04T08:38:19.145Z] > command requires scopes: ["email","openid","https://www.googleapis.com/auth/cloudplatformprojects.readonly","https://www.googleapis.com/auth/firebase","https://www.googleapis.com/auth/cloud-platform"]
[debug] [2025-12-04T08:38:19.146Z] > authorizing via signed-in user (contact.makgroup.digital@gmail.com)
[debug] [2025-12-04T08:38:19.151Z] Checked if tokens are valid: true, expires at: 1764841016411
[debug] [2025-12-04T08:38:19.152Z] Checked if tokens are valid: true, expires at: 1764841016411
[debug] [2025-12-04T08:38:19.152Z] [Firebase Plugin] User found:  contact.makgroup.digital@gmail.com
[info] [Firebase Plugin] (Core:Project) New user detected, fetching projects
[debug] [2025-12-04T08:38:19.154Z] Checked if tokens are valid: true, expires at: 1764841016411
[debug] [2025-12-04T08:38:19.156Z] >>> [apiv2][query] GET https://firebase.googleapis.com/v1beta1/projects pageSize=1000
[debug] [2025-12-04T08:38:19.168Z] [Firebase Plugin] VSCode notification server listening on port 40001
[info] [Firebase Plugin] Starting Data Connect toolkit (version 2.17.0) on port 50001
[debug] [2025-12-04T08:38:20.134Z] 'fdc build' failed with error: Unable to build your Data Connect schema and connectors (exit code 1): E1204 09:38:20.130291   28119 cmd.go:43] Error loading data connect config: could not find dataconnect.yaml in `/Users/mac/yabisoapprdc/dataconnect`
 {"metadata":{"emulator":{"name":"dataconnect"},"message":"'fdc build' failed with error: Unable to build your Data Connect schema and connectors (exit code 1): E1204 09:38:20.130291   28119 cmd.go:43] Error loading data connect config: could not find dataconnect.yaml in `/Users/mac/yabisoapprdc/dataconnect`\n"}}
[debug] [2025-12-04T08:38:20.138Z] Ignoring unsupported arg: auto_download {"metadata":{"emulator":{"name":"dataconnect"},"message":"Ignoring unsupported arg: auto_download"}}
[debug] [2025-12-04T08:38:20.142Z] Ignoring unsupported arg: port {"metadata":{"emulator":{"name":"dataconnect"},"message":"Ignoring unsupported arg: port"}}
[debug] [2025-12-04T08:38:20.202Z] Starting Data Connect Emulator with command {"binary":"/Users/mac/.cache/firebase/emulators/dataconnect-emulator-2.17.0","args":["--logtostderr","-v=2","dev","--listen=localhost:50001","--config_dir=/Users/mac/yabisoapprdc/dataconnect","--enable_output_schema_extensions=true","--enable_output_generated_sdk=true"],"optionalArgs":["listen","config_dir","enable_output_schema_extensions","enable_output_generated_sdk"],"joinArgs":true,"shell":false,"port":9399} {"metadata":{"emulator":{"name":"dataconnect"},"message":"Starting Data Connect Emulator with command {\"binary\":\"/Users/mac/.cache/firebase/emulators/dataconnect-emulator-2.17.0\",\"args\":[\"--logtostderr\",\"-v=2\",\"dev\",\"--listen=localhost:50001\",\"--config_dir=/Users/mac/yabisoapprdc/dataconnect\",\"--enable_output_schema_extensions=true\",\"--enable_output_generated_sdk=true\"],\"optionalArgs\":[\"listen\",\"config_dir\",\"enable_output_schema_extensions\",\"enable_output_generated_sdk\"],\"joinArgs\":true,\"shell\":false,\"port\":9399}"}}
[info] i  dataconnect: Data Connect Emulator logging to dataconnect-debug.log {"metadata":{"emulator":{"name":"dataconnect"},"message":"Data Connect Emulator logging to dataconnect-debug.log"}}
[debug] [2025-12-04T08:38:20.260Z] E1204 09:38:20.250320   28120 dev.go:82] Failed to load initial config from "/Users/mac/yabisoapprdc/dataconnect": could not find dataconnect.yaml in `/Users/mac/yabisoapprdc/dataconnect`
E1204 09:38:20.251941   28120 watch.go:102] watchAllDir unable to walk dir `/Users/mac/yabisoapprdc/dataconnect`: lstat /Users/mac/yabisoapprdc/dataconnect: no such file or directory
I1204 09:38:20.253875   28120 dev.go:105] Listening on address (HTTP + gRPC): 127.0.0.1:50001
 {"metadata":{"emulator":{"name":"dataconnect"},"message":"E1204 09:38:20.250320   28120 dev.go:82] Failed to load initial config from \"/Users/mac/yabisoapprdc/dataconnect\": could not find dataconnect.yaml in `/Users/mac/yabisoapprdc/dataconnect`\nE1204 09:38:20.251941   28120 watch.go:102] watchAllDir unable to walk dir `/Users/mac/yabisoapprdc/dataconnect`: lstat /Users/mac/yabisoapprdc/dataconnect: no such file or directory\nI1204 09:38:20.253875   28120 dev.go:105] Listening on address (HTTP + gRPC): 127.0.0.1:50001\n"}}
[debug] [2025-12-04T08:38:21.443Z] <<< [apiv2][status] GET https://firebase.googleapis.com/v1beta1/projects 200
[debug] [2025-12-04T08:38:21.443Z] <<< [apiv2][body] GET https://firebase.googleapis.com/v1beta1/projects [omitted]
[debug] [2025-12-04T08:38:30.309Z] E1204 09:38:30.308945   28120 watch.go:31] Failed to load config from "/Users/mac/yabisoapprdc/dataconnect": could not find dataconnect.yaml in `/Users/mac/yabisoapprdc/dataconnect`
 {"metadata":{"emulator":{"name":"dataconnect"},"message":"E1204 09:38:30.308945   28120 watch.go:31] Failed to load config from \"/Users/mac/yabisoapprdc/dataconnect\": could not find dataconnect.yaml in `/Users/mac/yabisoapprdc/dataconnect`\n"}}
[error] [Firebase Plugin] error:  {}
[debug] [2025-12-04T08:38:40.309Z] E1204 09:38:40.309597   28120 watch.go:31] Failed to load config from "/Users/mac/yabisoapprdc/dataconnect": could not find dataconnect.yaml in `/Users/mac/yabisoapprdc/dataconnect`
 {"metadata":{"emulator":{"name":"dataconnect"},"message":"E1204 09:38:40.309597   28120 watch.go:31] Failed to load config from \"/Users/mac/yabisoapprdc/dataconnect\": could not find dataconnect.yaml in `/Users/mac/yabisoapprdc/dataconnect`\n"}}
[debug] [2025-12-04T08:38:50.308Z] E1204 09:38:50.308603   28120 watch.go:31] Failed to load config from "/Users/mac/yabisoapprdc/dataconnect": could not find dataconnect.yaml in `/Users/mac/yabisoapprdc/dataconnect`
 {"metadata":{"emulator":{"name":"dataconnect"},"message":"E1204 09:38:50.308603   28120 watch.go:31] Failed to load config from \"/Users/mac/yabisoapprdc/dataconnect\": could not find dataconnect.yaml in `/Users/mac/yabisoapprdc/dataconnect`\n"}}
[debug] [2025-12-04T08:39:00.309Z] E1204 09:39:00.309010   28120 watch.go:31] Failed to load config from "/Users/mac/yabisoapprdc/dataconnect": could not find dataconnect.yaml in `/Users/mac/yabisoapprdc/dataconnect`
 {"metadata":{"emulator":{"name":"dataconnect"},"message":"E1204 09:39:00.309010   28120 watch.go:31] Failed to load config from \"/Users/mac/yabisoapprdc/dataconnect\": could not find dataconnect.yaml in `/Users/mac/yabisoapprdc/dataconnect`\n"}}
[debug] [2025-12-04T08:39:10.309Z] E1204 09:39:10.309165   28120 watch.go:31] Failed to load config from "/Users/mac/yabisoapprdc/dataconnect": could not find dataconnect.yaml in `/Users/mac/yabisoapprdc/dataconnect`
 {"metadata":{"emulator":{"name":"dataconnect"},"message":"E1204 09:39:10.309165   28120 watch.go:31] Failed to load config from \"/Users/mac/yabisoapprdc/dataconnect\": could not find dataconnect.yaml in `/Users/mac/yabisoapprdc/dataconnect`\n"}}
[debug] [2025-12-04T08:39:20.309Z] E1204 09:39:20.309499   28120 watch.go:31] Failed to load config from "/Users/mac/yabisoapprdc/dataconnect": could not find dataconnect.yaml in `/Users/mac/yabisoapprdc/dataconnect`
 {"metadata":{"emulator":{"name":"dataconnect"},"message":"E1204 09:39:20.309499   28120 watch.go:31] Failed to load config from \"/Users/mac/yabisoapprdc/dataconnect\": could not find dataconnect.yaml in `/Users/mac/yabisoapprdc/dataconnect`\n"}}
[debug] [2025-12-04T08:39:30.309Z] E1204 09:39:30.308823   28120 watch.go:31] Failed to load config from "/Users/mac/yabisoapprdc/dataconnect": could not find dataconnect.yaml in `/Users/mac/yabisoapprdc/dataconnect`
 {"metadata":{"emulator":{"name":"dataconnect"},"message":"E1204 09:39:30.308823   28120 watch.go:31] Failed to load config from \"/Users/mac/yabisoapprdc/dataconnect\": could not find dataconnect.yaml in `/Users/mac/yabisoapprdc/dataconnect`\n"}}
[debug] [2025-12-04T08:39:40.309Z] E1204 09:39:40.309707   28120 watch.go:31] Failed to load config from "/Users/mac/yabisoapprdc/dataconnect": could not find dataconnect.yaml in `/Users/mac/yabisoapprdc/dataconnect`
 {"metadata":{"emulator":{"name":"dataconnect"},"message":"E1204 09:39:40.309707   28120 watch.go:31] Failed to load config from \"/Users/mac/yabisoapprdc/dataconnect\": could not find dataconnect.yaml in `/Users/mac/yabisoapprdc/dataconnect`\n"}}
[debug] [2025-12-04T08:39:50.310Z] E1204 09:39:50.309801   28120 watch.go:31] Failed to load config from "/Users/mac/yabisoapprdc/dataconnect": could not find dataconnect.yaml in `/Users/mac/yabisoapprdc/dataconnect`
 {"metadata":{"emulator":{"name":"dataconnect"},"message":"E1204 09:39:50.309801   28120 watch.go:31] Failed to load config from \"/Users/mac/yabisoapprdc/dataconnect\": could not find dataconnect.yaml in `/Users/mac/yabisoapprdc/dataconnect`\n"}}
[debug] [2025-12-04T08:40:00.309Z] E1204 09:40:00.308978   28120 watch.go:31] Failed to load config from "/Users/mac/yabisoapprdc/dataconnect": could not find dataconnect.yaml in `/Users/mac/yabisoapprdc/dataconnect`
 {"metadata":{"emulator":{"name":"dataconnect"},"message":"E1204 09:40:00.308978   28120 watch.go:31] Failed to load config from \"/Users/mac/yabisoapprdc/dataconnect\": could not find dataconnect.yaml in `/Users/mac/yabisoapprdc/dataconnect`\n"}}
[debug] [2025-12-04T08:40:10.310Z] E1204 09:40:10.309595   28120 watch.go:31] Failed to load config from "/Users/mac/yabisoapprdc/dataconnect": could not find dataconnect.yaml in `/Users/mac/yabisoapprdc/dataconnect`
 {"metadata":{"emulator":{"name":"dataconnect"},"message":"E1204 09:40:10.309595   28120 watch.go:31] Failed to load config from \"/Users/mac/yabisoapprdc/dataconnect\": could not find dataconnect.yaml in `/Users/mac/yabisoapprdc/dataconnect`\n"}}
[debug] [2025-12-04T08:40:20.310Z] E1204 09:40:20.310206   28120 watch.go:31] Failed to load config from "/Users/mac/yabisoapprdc/dataconnect": could not find dataconnect.yaml in `/Users/mac/yabisoapprdc/dataconnect`
E1204 09:40:20.310269   28120 watch.go:102] watchAllDir unable to walk dir `/Users/mac/yabisoapprdc/dataconnect`: lstat /Users/mac/yabisoapprdc/dataconnect: no such file or directory
 {"metadata":{"emulator":{"name":"dataconnect"},"message":"E1204 09:40:20.310206   28120 watch.go:31] Failed to load config from \"/Users/mac/yabisoapprdc/dataconnect\": could not find dataconnect.yaml in `/Users/mac/yabisoapprdc/dataconnect`\nE1204 09:40:20.310269   28120 watch.go:102] watchAllDir unable to walk dir `/Users/mac/yabisoapprdc/dataconnect`: lstat /Users/mac/yabisoapprdc/dataconnect: no such file or directory\n"}}
[debug] [2025-12-04T08:40:30.311Z] E1204 09:40:30.311527   28120 watch.go:31] Failed to load config from "/Users/mac/yabisoapprdc/dataconnect": could not find dataconnect.yaml in `/Users/mac/yabisoapprdc/dataconnect`
 {"metadata":{"emulator":{"name":"dataconnect"},"message":"E1204 09:40:30.311527   28120 watch.go:31] Failed to load config from \"/Users/mac/yabisoapprdc/dataconnect\": could not find dataconnect.yaml in `/Users/mac/yabisoapprdc/dataconnect`\n"}}
[debug] [2025-12-04T08:40:40.309Z] E1204 09:40:40.309346   28120 watch.go:31] Failed to load config from "/Users/mac/yabisoapprdc/dataconnect": could not find dataconnect.yaml in `/Users/mac/yabisoapprdc/dataconnect`
 {"metadata":{"emulator":{"name":"dataconnect"},"message":"E1204 09:40:40.309346   28120 watch.go:31] Failed to load config from \"/Users/mac/yabisoapprdc/dataconnect\": could not find dataconnect.yaml in `/Users/mac/yabisoapprdc/dataconnect`\n"}}
[debug] [2025-12-04T08:40:50.309Z] E1204 09:40:50.309406   28120 watch.go:31] Failed to load config from "/Users/mac/yabisoapprdc/dataconnect": could not find dataconnect.yaml in `/Users/mac/yabisoapprdc/dataconnect`
 {"metadata":{"emulator":{"name":"dataconnect"},"message":"E1204 09:40:50.309406   28120 watch.go:31] Failed to load config from \"/Users/mac/yabisoapprdc/dataconnect\": could not find dataconnect.yaml in `/Users/mac/yabisoapprdc/dataconnect`\n"}}
[debug] [2025-12-04T08:41:00.309Z] E1204 09:41:00.309442   28120 watch.go:31] Failed to load config from "/Users/mac/yabisoapprdc/dataconnect": could not find dataconnect.yaml in `/Users/mac/yabisoapprdc/dataconnect`
 {"metadata":{"emulator":{"name":"dataconnect"},"message":"E1204 09:41:00.309442   28120 watch.go:31] Failed to load config from \"/Users/mac/yabisoapprdc/dataconnect\": could not find dataconnect.yaml in `/Users/mac/yabisoapprdc/dataconnect`\n"}}
[debug] [2025-12-04T08:41:10.310Z] E1204 09:41:10.310088   28120 watch.go:31] Failed to load config from "/Users/mac/yabisoapprdc/dataconnect": could not find dataconnect.yaml in `/Users/mac/yabisoapprdc/dataconnect`
 {"metadata":{"emulator":{"name":"dataconnect"},"message":"E1204 09:41:10.310088   28120 watch.go:31] Failed to load config from \"/Users/mac/yabisoapprdc/dataconnect\": could not find dataconnect.yaml in `/Users/mac/yabisoapprdc/dataconnect`\n"}}
[debug] [2025-12-04T08:41:20.310Z] E1204 09:41:20.310470   28120 watch.go:31] Failed to load config from "/Users/mac/yabisoapprdc/dataconnect": could not find dataconnect.yaml in `/Users/mac/yabisoapprdc/dataconnect`
 {"metadata":{"emulator":{"name":"dataconnect"},"message":"E1204 09:41:20.310470   28120 watch.go:31] Failed to load config from \"/Users/mac/yabisoapprdc/dataconnect\": could not find dataconnect.yaml in `/Users/mac/yabisoapprdc/dataconnect`\n"}}
[debug] [2025-12-04T08:41:30.309Z] E1204 09:41:30.309522   28120 watch.go:31] Failed to load config from "/Users/mac/yabisoapprdc/dataconnect": could not find dataconnect.yaml in `/Users/mac/yabisoapprdc/dataconnect`
 {"metadata":{"emulator":{"name":"dataconnect"},"message":"E1204 09:41:30.309522   28120 watch.go:31] Failed to load config from \"/Users/mac/yabisoapprdc/dataconnect\": could not find dataconnect.yaml in `/Users/mac/yabisoapprdc/dataconnect`\n"}}
[debug] [2025-12-04T08:41:40.309Z] E1204 09:41:40.309503   28120 watch.go:31] Failed to load config from "/Users/mac/yabisoapprdc/dataconnect": could not find dataconnect.yaml in `/Users/mac/yabisoapprdc/dataconnect`
 {"metadata":{"emulator":{"name":"dataconnect"},"message":"E1204 09:41:40.309503   28120 watch.go:31] Failed to load config from \"/Users/mac/yabisoapprdc/dataconnect\": could not find dataconnect.yaml in `/Users/mac/yabisoapprdc/dataconnect`\n"}}
[debug] [2025-12-04T08:41:50.309Z] E1204 09:41:50.309582   28120 watch.go:31] Failed to load config from "/Users/mac/yabisoapprdc/dataconnect": could not find dataconnect.yaml in `/Users/mac/yabisoapprdc/dataconnect`
 {"metadata":{"emulator":{"name":"dataconnect"},"message":"E1204 09:41:50.309582   28120 watch.go:31] Failed to load config from \"/Users/mac/yabisoapprdc/dataconnect\": could not find dataconnect.yaml in `/Users/mac/yabisoapprdc/dataconnect`\n"}}
[debug] [2025-12-04T08:42:00.309Z] E1204 09:42:00.309657   28120 watch.go:31] Failed to load config from "/Users/mac/yabisoapprdc/dataconnect": could not find dataconnect.yaml in `/Users/mac/yabisoapprdc/dataconnect`
 {"metadata":{"emulator":{"name":"dataconnect"},"message":"E1204 09:42:00.309657   28120 watch.go:31] Failed to load config from \"/Users/mac/yabisoapprdc/dataconnect\": could not find dataconnect.yaml in `/Users/mac/yabisoapprdc/dataconnect`\n"}}
[debug] [2025-12-04T08:42:10.310Z] E1204 09:42:10.309723   28120 watch.go:31] Failed to load config from "/Users/mac/yabisoapprdc/dataconnect": could not find dataconnect.yaml in `/Users/mac/yabisoapprdc/dataconnect`
 {"metadata":{"emulator":{"name":"dataconnect"},"message":"E1204 09:42:10.309723   28120 watch.go:31] Failed to load config from \"/Users/mac/yabisoapprdc/dataconnect\": could not find dataconnect.yaml in `/Users/mac/yabisoapprdc/dataconnect`\n"}}
[debug] [2025-12-04T08:42:20.310Z] E1204 09:42:20.310017   28120 watch.go:31] Failed to load config from "/Users/mac/yabisoapprdc/dataconnect": could not find dataconnect.yaml in `/Users/mac/yabisoapprdc/dataconnect`
E1204 09:42:20.310062   28120 watch.go:102] watchAllDir unable to walk dir `/Users/mac/yabisoapprdc/dataconnect`: lstat /Users/mac/yabisoapprdc/dataconnect: no such file or directory
 {"metadata":{"emulator":{"name":"dataconnect"},"message":"E1204 09:42:20.310017   28120 watch.go:31] Failed to load config from \"/Users/mac/yabisoapprdc/dataconnect\": could not find dataconnect.yaml in `/Users/mac/yabisoapprdc/dataconnect`\nE1204 09:42:20.310062   28120 watch.go:102] watchAllDir unable to walk dir `/Users/mac/yabisoapprdc/dataconnect`: lstat /Users/mac/yabisoapprdc/dataconnect: no such file or directory\n"}}
[debug] [2025-12-04T08:42:30.309Z] E1204 09:42:30.309635   28120 watch.go:31] Failed to load config from "/Users/mac/yabisoapprdc/dataconnect": could not find dataconnect.yaml in `/Users/mac/yabisoapprdc/dataconnect`
 {"metadata":{"emulator":{"name":"dataconnect"},"message":"E1204 09:42:30.309635   28120 watch.go:31] Failed to load config from \"/Users/mac/yabisoapprdc/dataconnect\": could not find dataconnect.yaml in `/Users/mac/yabisoapprdc/dataconnect`\n"}}
[debug] [2025-12-04T08:42:40.311Z] E1204 09:42:40.311576   28120 watch.go:31] Failed to load config from "/Users/mac/yabisoapprdc/dataconnect": could not find dataconnect.yaml in `/Users/mac/yabisoapprdc/dataconnect`
 {"metadata":{"emulator":{"name":"dataconnect"},"message":"E1204 09:42:40.311576   28120 watch.go:31] Failed to load config from \"/Users/mac/yabisoapprdc/dataconnect\": could not find dataconnect.yaml in `/Users/mac/yabisoapprdc/dataconnect`\n"}}
[debug] [2025-12-04T08:42:50.310Z] E1204 09:42:50.310089   28120 watch.go:31] Failed to load config from "/Users/mac/yabisoapprdc/dataconnect": could not find dataconnect.yaml in `/Users/mac/yabisoapprdc/dataconnect`
 {"metadata":{"emulator":{"name":"dataconnect"},"message":"E1204 09:42:50.310089   28120 watch.go:31] Failed to load config from \"/Users/mac/yabisoapprdc/dataconnect\": could not find dataconnect.yaml in `/Users/mac/yabisoapprdc/dataconnect`\n"}}
[debug] [2025-12-04T08:43:00.310Z] E1204 09:43:00.309887   28120 watch.go:31] Failed to load config from "/Users/mac/yabisoapprdc/dataconnect": could not find dataconnect.yaml in `/Users/mac/yabisoapprdc/dataconnect`
 {"metadata":{"emulator":{"name":"dataconnect"},"message":"E1204 09:43:00.309887   28120 watch.go:31] Failed to load config from \"/Users/mac/yabisoapprdc/dataconnect\": could not find dataconnect.yaml in `/Users/mac/yabisoapprdc/dataconnect`\n"}}
[debug] [2025-12-04T08:43:10.311Z] E1204 09:43:10.311357   28120 watch.go:31] Failed to load config from "/Users/mac/yabisoapprdc/dataconnect": could not find dataconnect.yaml in `/Users/mac/yabisoapprdc/dataconnect`
 {"metadata":{"emulator":{"name":"dataconnect"},"message":"E1204 09:43:10.311357   28120 watch.go:31] Failed to load config from \"/Users/mac/yabisoapprdc/dataconnect\": could not find dataconnect.yaml in `/Users/mac/yabisoapprdc/dataconnect`\n"}}
[debug] [2025-12-04T08:43:20.310Z] E1204 09:43:20.310491   28120 watch.go:31] Failed to load config from "/Users/mac/yabisoapprdc/dataconnect": could not find dataconnect.yaml in `/Users/mac/yabisoapprdc/dataconnect`
 {"metadata":{"emulator":{"name":"dataconnect"},"message":"E1204 09:43:20.310491   28120 watch.go:31] Failed to load config from \"/Users/mac/yabisoapprdc/dataconnect\": could not find dataconnect.yaml in `/Users/mac/yabisoapprdc/dataconnect`\n"}}
[debug] [2025-12-04T08:43:30.310Z] E1204 09:43:30.310424   28120 watch.go:31] Failed to load config from "/Users/mac/yabisoapprdc/dataconnect": could not find dataconnect.yaml in `/Users/mac/yabisoapprdc/dataconnect`
 {"metadata":{"emulator":{"name":"dataconnect"},"message":"E1204 09:43:30.310424   28120 watch.go:31] Failed to load config from \"/Users/mac/yabisoapprdc/dataconnect\": could not find dataconnect.yaml in `/Users/mac/yabisoapprdc/dataconnect`\n"}}
[debug] [2025-12-04T08:43:40.310Z] E1204 09:43:40.310222   28120 watch.go:31] Failed to load config from "/Users/mac/yabisoapprdc/dataconnect": could not find dataconnect.yaml in `/Users/mac/yabisoapprdc/dataconnect`
 {"metadata":{"emulator":{"name":"dataconnect"},"message":"E1204 09:43:40.310222   28120 watch.go:31] Failed to load config from \"/Users/mac/yabisoapprdc/dataconnect\": could not find dataconnect.yaml in `/Users/mac/yabisoapprdc/dataconnect`\n"}}
[debug] [2025-12-04T08:43:50.310Z] E1204 09:43:50.310498   28120 watch.go:31] Failed to load config from "/Users/mac/yabisoapprdc/dataconnect": could not find dataconnect.yaml in `/Users/mac/yabisoapprdc/dataconnect`
 {"metadata":{"emulator":{"name":"dataconnect"},"message":"E1204 09:43:50.310498   28120 watch.go:31] Failed to load config from \"/Users/mac/yabisoapprdc/dataconnect\": could not find dataconnect.yaml in `/Users/mac/yabisoapprdc/dataconnect`\n"}}
[debug] [2025-12-04T08:44:00.311Z] E1204 09:44:00.311196   28120 watch.go:31] Failed to load config from "/Users/mac/yabisoapprdc/dataconnect": could not find dataconnect.yaml in `/Users/mac/yabisoapprdc/dataconnect`
 {"metadata":{"emulator":{"name":"dataconnect"},"message":"E1204 09:44:00.311196   28120 watch.go:31] Failed to load config from \"/Users/mac/yabisoapprdc/dataconnect\": could not find dataconnect.yaml in `/Users/mac/yabisoapprdc/dataconnect`\n"}}
[debug] [2025-12-04T08:44:10.311Z] E1204 09:44:10.311203   28120 watch.go:31] Failed to load config from "/Users/mac/yabisoapprdc/dataconnect": could not find dataconnect.yaml in `/Users/mac/yabisoapprdc/dataconnect`
 {"metadata":{"emulator":{"name":"dataconnect"},"message":"E1204 09:44:10.311203   28120 watch.go:31] Failed to load config from \"/Users/mac/yabisoapprdc/dataconnect\": could not find dataconnect.yaml in `/Users/mac/yabisoapprdc/dataconnect`\n"}}
[debug] [2025-12-04T08:44:20.310Z] E1204 09:44:20.310159   28120 watch.go:31] Failed to load config from "/Users/mac/yabisoapprdc/dataconnect": could not find dataconnect.yaml in `/Users/mac/yabisoapprdc/dataconnect`
E1204 09:44:20.310200   28120 watch.go:102] watchAllDir unable to walk dir `/Users/mac/yabisoapprdc/dataconnect`: lstat /Users/mac/yabisoapprdc/dataconnect: no such file or directory
 {"metadata":{"emulator":{"name":"dataconnect"},"message":"E1204 09:44:20.310159   28120 watch.go:31] Failed to load config from \"/Users/mac/yabisoapprdc/dataconnect\": could not find dataconnect.yaml in `/Users/mac/yabisoapprdc/dataconnect`\nE1204 09:44:20.310200   28120 watch.go:102] watchAllDir unable to walk dir `/Users/mac/yabisoapprdc/dataconnect`: lstat /Users/mac/yabisoapprdc/dataconnect: no such file or directory\n"}}
[debug] [2025-12-04T08:44:30.311Z] E1204 09:44:30.311175   28120 watch.go:31] Failed to load config from "/Users/mac/yabisoapprdc/dataconnect": could not find dataconnect.yaml in `/Users/mac/yabisoapprdc/dataconnect`
 {"metadata":{"emulator":{"name":"dataconnect"},"message":"E1204 09:44:30.311175   28120 watch.go:31] Failed to load config from \"/Users/mac/yabisoapprdc/dataconnect\": could not find dataconnect.yaml in `/Users/mac/yabisoapprdc/dataconnect`\n"}}
[debug] [2025-12-04T08:44:40.310Z] E1204 09:44:40.310346   28120 watch.go:31] Failed to load config from "/Users/mac/yabisoapprdc/dataconnect": could not find dataconnect.yaml in `/Users/mac/yabisoapprdc/dataconnect`
 {"metadata":{"emulator":{"name":"dataconnect"},"message":"E1204 09:44:40.310346   28120 watch.go:31] Failed to load config from \"/Users/mac/yabisoapprdc/dataconnect\": could not find dataconnect.yaml in `/Users/mac/yabisoapprdc/dataconnect`\n"}}
[debug] [2025-12-04T08:44:50.310Z] E1204 09:44:50.310445   28120 watch.go:31] Failed to load config from "/Users/mac/yabisoapprdc/dataconnect": could not find dataconnect.yaml in `/Users/mac/yabisoapprdc/dataconnect`
 {"metadata":{"emulator":{"name":"dataconnect"},"message":"E1204 09:44:50.310445   28120 watch.go:31] Failed to load config from \"/Users/mac/yabisoapprdc/dataconnect\": could not find dataconnect.yaml in `/Users/mac/yabisoapprdc/dataconnect`\n"}}
[debug] [2025-12-04T08:45:00.311Z] E1204 09:45:00.310780   28120 watch.go:31] Failed to load config from "/Users/mac/yabisoapprdc/dataconnect": could not find dataconnect.yaml in `/Users/mac/yabisoapprdc/dataconnect`
 {"metadata":{"emulator":{"name":"dataconnect"},"message":"E1204 09:45:00.310780   28120 watch.go:31] Failed to load config from \"/Users/mac/yabisoapprdc/dataconnect\": could not find dataconnect.yaml in `/Users/mac/yabisoapprdc/dataconnect`\n"}}
[debug] [2025-12-04T08:45:10.314Z] E1204 09:45:10.313830   28120 watch.go:31] Failed to load config from "/Users/mac/yabisoapprdc/dataconnect": could not find dataconnect.yaml in `/Users/mac/yabisoapprdc/dataconnect`
 {"metadata":{"emulator":{"name":"dataconnect"},"message":"E1204 09:45:10.313830   28120 watch.go:31] Failed to load config from \"/Users/mac/yabisoapprdc/dataconnect\": could not find dataconnect.yaml in `/Users/mac/yabisoapprdc/dataconnect`\n"}}
[debug] [2025-12-04T08:45:20.317Z] E1204 09:45:20.317526   28120 watch.go:31] Failed to load config from "/Users/mac/yabisoapprdc/dataconnect": could not find dataconnect.yaml in `/Users/mac/yabisoapprdc/dataconnect`
 {"metadata":{"emulator":{"name":"dataconnect"},"message":"E1204 09:45:20.317526   28120 watch.go:31] Failed to load config from \"/Users/mac/yabisoapprdc/dataconnect\": could not find dataconnect.yaml in `/Users/mac/yabisoapprdc/dataconnect`\n"}}
[debug] [2025-12-04T08:45:30.312Z] E1204 09:45:30.311935   28120 watch.go:31] Failed to load config from "/Users/mac/yabisoapprdc/dataconnect": could not find dataconnect.yaml in `/Users/mac/yabisoapprdc/dataconnect`
 {"metadata":{"emulator":{"name":"dataconnect"},"message":"E1204 09:45:30.311935   28120 watch.go:31] Failed to load config from \"/Users/mac/yabisoapprdc/dataconnect\": could not find dataconnect.yaml in `/Users/mac/yabisoapprdc/dataconnect`\n"}}
[debug] [2025-12-04T08:45:40.311Z] E1204 09:45:40.310894   28120 watch.go:31] Failed to load config from "/Users/mac/yabisoapprdc/dataconnect": could not find dataconnect.yaml in `/Users/mac/yabisoapprdc/dataconnect`
 {"metadata":{"emulator":{"name":"dataconnect"},"message":"E1204 09:45:40.310894   28120 watch.go:31] Failed to load config from \"/Users/mac/yabisoapprdc/dataconnect\": could not find dataconnect.yaml in `/Users/mac/yabisoapprdc/dataconnect`\n"}}
[debug] [2025-12-04T08:45:50.314Z] E1204 09:45:50.313122   28120 watch.go:31] Failed to load config from "/Users/mac/yabisoapprdc/dataconnect": could not find dataconnect.yaml in `/Users/mac/yabisoapprdc/dataconnect`
 {"metadata":{"emulator":{"name":"dataconnect"},"message":"E1204 09:45:50.313122   28120 watch.go:31] Failed to load config from \"/Users/mac/yabisoapprdc/dataconnect\": could not find dataconnect.yaml in `/Users/mac/yabisoapprdc/dataconnect`\n"}}
[debug] [2025-12-04T08:46:00.316Z] E1204 09:46:00.316067   28120 watch.go:31] Failed to load config from "/Users/mac/yabisoapprdc/dataconnect": could not find dataconnect.yaml in `/Users/mac/yabisoapprdc/dataconnect`
 {"metadata":{"emulator":{"name":"dataconnect"},"message":"E1204 09:46:00.316067   28120 watch.go:31] Failed to load config from \"/Users/mac/yabisoapprdc/dataconnect\": could not find dataconnect.yaml in `/Users/mac/yabisoapprdc/dataconnect`\n"}}
[debug] [2025-12-04T08:46:10.312Z] E1204 09:46:10.311645   28120 watch.go:31] Failed to load config from "/Users/mac/yabisoapprdc/dataconnect": could not find dataconnect.yaml in `/Users/mac/yabisoapprdc/dataconnect`
 {"metadata":{"emulator":{"name":"dataconnect"},"message":"E1204 09:46:10.311645   28120 watch.go:31] Failed to load config from \"/Users/mac/yabisoapprdc/dataconnect\": could not find dataconnect.yaml in `/Users/mac/yabisoapprdc/dataconnect`\n"}}
[debug] [2025-12-04T08:46:20.316Z] E1204 09:46:20.315867   28120 watch.go:31] Failed to load config from "/Users/mac/yabisoapprdc/dataconnect": could not find dataconnect.yaml in `/Users/mac/yabisoapprdc/dataconnect`
E1204 09:46:20.315966   28120 watch.go:102] watchAllDir unable to walk dir `/Users/mac/yabisoapprdc/dataconnect`: lstat /Users/mac/yabisoapprdc/dataconnect: no such file or directory
 {"metadata":{"emulator":{"name":"dataconnect"},"message":"E1204 09:46:20.315867   28120 watch.go:31] Failed to load config from \"/Users/mac/yabisoapprdc/dataconnect\": could not find dataconnect.yaml in `/Users/mac/yabisoapprdc/dataconnect`\nE1204 09:46:20.315966   28120 watch.go:102] watchAllDir unable to walk dir `/Users/mac/yabisoapprdc/dataconnect`: lstat /Users/mac/yabisoapprdc/dataconnect: no such file or directory\n"}}
[debug] [2025-12-04T08:46:30.316Z] E1204 09:46:30.311043   28120 watch.go:31] Failed to load config from "/Users/mac/yabisoapprdc/dataconnect": could not find dataconnect.yaml in `/Users/mac/yabisoapprdc/dataconnect`
 {"metadata":{"emulator":{"name":"dataconnect"},"message":"E1204 09:46:30.311043   28120 watch.go:31] Failed to load config from \"/Users/mac/yabisoapprdc/dataconnect\": could not find dataconnect.yaml in `/Users/mac/yabisoapprdc/dataconnect`\n"}}
[debug] [2025-12-04T08:46:40.317Z] E1204 09:46:40.316764   28120 watch.go:31] Failed to load config from "/Users/mac/yabisoapprdc/dataconnect": could not find dataconnect.yaml in `/Users/mac/yabisoapprdc/dataconnect`
 {"metadata":{"emulator":{"name":"dataconnect"},"message":"E1204 09:46:40.316764   28120 watch.go:31] Failed to load config from \"/Users/mac/yabisoapprdc/dataconnect\": could not find dataconnect.yaml in `/Users/mac/yabisoapprdc/dataconnect`\n"}}
[debug] [2025-12-04T08:46:50.311Z] E1204 09:46:50.311153   28120 watch.go:31] Failed to load config from "/Users/mac/yabisoapprdc/dataconnect": could not find dataconnect.yaml in `/Users/mac/yabisoapprdc/dataconnect`
 {"metadata":{"emulator":{"name":"dataconnect"},"message":"E1204 09:46:50.311153   28120 watch.go:31] Failed to load config from \"/Users/mac/yabisoapprdc/dataconnect\": could not find dataconnect.yaml in `/Users/mac/yabisoapprdc/dataconnect`\n"}}
[debug] [2025-12-04T08:47:00.317Z] E1204 09:47:00.316929   28120 watch.go:31] Failed to load config from "/Users/mac/yabisoapprdc/dataconnect": could not find dataconnect.yaml in `/Users/mac/yabisoapprdc/dataconnect`
 {"metadata":{"emulator":{"name":"dataconnect"},"message":"E1204 09:47:00.316929   28120 watch.go:31] Failed to load config from \"/Users/mac/yabisoapprdc/dataconnect\": could not find dataconnect.yaml in `/Users/mac/yabisoapprdc/dataconnect`\n"}}
[debug] [2025-12-04T08:47:10.313Z] E1204 09:47:10.313180   28120 watch.go:31] Failed to load config from "/Users/mac/yabisoapprdc/dataconnect": could not find dataconnect.yaml in `/Users/mac/yabisoapprdc/dataconnect`
 {"metadata":{"emulator":{"name":"dataconnect"},"message":"E1204 09:47:10.313180   28120 watch.go:31] Failed to load config from \"/Users/mac/yabisoapprdc/dataconnect\": could not find dataconnect.yaml in `/Users/mac/yabisoapprdc/dataconnect`\n"}}
[debug] [2025-12-04T08:47:20.312Z] E1204 09:47:20.312363   28120 watch.go:31] Failed to load config from "/Users/mac/yabisoapprdc/dataconnect": could not find dataconnect.yaml in `/Users/mac/yabisoapprdc/dataconnect`
 {"metadata":{"emulator":{"name":"dataconnect"},"message":"E1204 09:47:20.312363   28120 watch.go:31] Failed to load config from \"/Users/mac/yabisoapprdc/dataconnect\": could not find dataconnect.yaml in `/Users/mac/yabisoapprdc/dataconnect`\n"}}
[debug] [2025-12-04T08:47:30.311Z] E1204 09:47:30.311312   28120 watch.go:31] Failed to load config from "/Users/mac/yabisoapprdc/dataconnect": could not find dataconnect.yaml in `/Users/mac/yabisoapprdc/dataconnect`
 {"metadata":{"emulator":{"name":"dataconnect"},"message":"E1204 09:47:30.311312   28120 watch.go:31] Failed to load config from \"/Users/mac/yabisoapprdc/dataconnect\": could not find dataconnect.yaml in `/Users/mac/yabisoapprdc/dataconnect`\n"}}
[debug] [2025-12-04T08:47:40.311Z] E1204 09:47:40.311303   28120 watch.go:31] Failed to load config from "/Users/mac/yabisoapprdc/dataconnect": could not find dataconnect.yaml in `/Users/mac/yabisoapprdc/dataconnect`
 {"metadata":{"emulator":{"name":"dataconnect"},"message":"E1204 09:47:40.311303   28120 watch.go:31] Failed to load config from \"/Users/mac/yabisoapprdc/dataconnect\": could not find dataconnect.yaml in `/Users/mac/yabisoapprdc/dataconnect`\n"}}
[debug] [2025-12-04T08:47:50.311Z] E1204 09:47:50.311428   28120 watch.go:31] Failed to load config from "/Users/mac/yabisoapprdc/dataconnect": could not find dataconnect.yaml in `/Users/mac/yabisoapprdc/dataconnect`
 {"metadata":{"emulator":{"name":"dataconnect"},"message":"E1204 09:47:50.311428   28120 watch.go:31] Failed to load config from \"/Users/mac/yabisoapprdc/dataconnect\": could not find dataconnect.yaml in `/Users/mac/yabisoapprdc/dataconnect`\n"}}
[debug] [2025-12-04T08:48:00.311Z] E1204 09:48:00.311344   28120 watch.go:31] Failed to load config from "/Users/mac/yabisoapprdc/dataconnect": could not find dataconnect.yaml in `/Users/mac/yabisoapprdc/dataconnect`
 {"metadata":{"emulator":{"name":"dataconnect"},"message":"E1204 09:48:00.311344   28120 watch.go:31] Failed to load config from \"/Users/mac/yabisoapprdc/dataconnect\": could not find dataconnect.yaml in `/Users/mac/yabisoapprdc/dataconnect`\n"}}
[debug] [2025-12-04T08:48:10.315Z] E1204 09:48:10.314090   28120 watch.go:31] Failed to load config from "/Users/mac/yabisoapprdc/dataconnect": could not find dataconnect.yaml in `/Users/mac/yabisoapprdc/dataconnect`
 {"metadata":{"emulator":{"name":"dataconnect"},"message":"E1204 09:48:10.314090   28120 watch.go:31] Failed to load config from \"/Users/mac/yabisoapprdc/dataconnect\": could not find dataconnect.yaml in `/Users/mac/yabisoapprdc/dataconnect`\n"}}
[debug] [2025-12-04T08:48:20.312Z] E1204 09:48:20.311830   28120 watch.go:31] Failed to load config from "/Users/mac/yabisoapprdc/dataconnect": could not find dataconnect.yaml in `/Users/mac/yabisoapprdc/dataconnect`
E1204 09:48:20.311895   28120 watch.go:102] watchAllDir unable to walk dir `/Users/mac/yabisoapprdc/dataconnect`: lstat /Users/mac/yabisoapprdc/dataconnect: no such file or directory
 {"metadata":{"emulator":{"name":"dataconnect"},"message":"E1204 09:48:20.311830   28120 watch.go:31] Failed to load config from \"/Users/mac/yabisoapprdc/dataconnect\": could not find dataconnect.yaml in `/Users/mac/yabisoapprdc/dataconnect`\nE1204 09:48:20.311895   28120 watch.go:102] watchAllDir unable to walk dir `/Users/mac/yabisoapprdc/dataconnect`: lstat /Users/mac/yabisoapprdc/dataconnect: no such file or directory\n"}}
[debug] [2025-12-04T08:48:30.312Z] E1204 09:48:30.311783   28120 watch.go:31] Failed to load config from "/Users/mac/yabisoapprdc/dataconnect": could not find dataconnect.yaml in `/Users/mac/yabisoapprdc/dataconnect`
 {"metadata":{"emulator":{"name":"dataconnect"},"message":"E1204 09:48:30.311783   28120 watch.go:31] Failed to load config from \"/Users/mac/yabisoapprdc/dataconnect\": could not find dataconnect.yaml in `/Users/mac/yabisoapprdc/dataconnect`\n"}}
[debug] [2025-12-04T08:48:40.315Z] E1204 09:48:40.312707   28120 watch.go:31] Failed to load config from "/Users/mac/yabisoapprdc/dataconnect": could not find dataconnect.yaml in `/Users/mac/yabisoapprdc/dataconnect`
 {"metadata":{"emulator":{"name":"dataconnect"},"message":"E1204 09:48:40.312707   28120 watch.go:31] Failed to load config from \"/Users/mac/yabisoapprdc/dataconnect\": could not find dataconnect.yaml in `/Users/mac/yabisoapprdc/dataconnect`\n"}}
[debug] [2025-12-04T08:48:50.313Z] E1204 09:48:50.312953   28120 watch.go:31] Failed to load config from "/Users/mac/yabisoapprdc/dataconnect": could not find dataconnect.yaml in `/Users/mac/yabisoapprdc/dataconnect`
 {"metadata":{"emulator":{"name":"dataconnect"},"message":"E1204 09:48:50.312953   28120 watch.go:31] Failed to load config from \"/Users/mac/yabisoapprdc/dataconnect\": could not find dataconnect.yaml in `/Users/mac/yabisoapprdc/dataconnect`\n"}}
[debug] [2025-12-04T08:49:00.313Z] E1204 09:49:00.313376   28120 watch.go:31] Failed to load config from "/Users/mac/yabisoapprdc/dataconnect": could not find dataconnect.yaml in `/Users/mac/yabisoapprdc/dataconnect`
 {"metadata":{"emulator":{"name":"dataconnect"},"message":"E1204 09:49:00.313376   28120 watch.go:31] Failed to load config from \"/Users/mac/yabisoapprdc/dataconnect\": could not find dataconnect.yaml in `/Users/mac/yabisoapprdc/dataconnect`\n"}}
[debug] [2025-12-04T08:49:10.314Z] E1204 09:49:10.314218   28120 watch.go:31] Failed to load config from "/Users/mac/yabisoapprdc/dataconnect": could not find dataconnect.yaml in `/Users/mac/yabisoapprdc/dataconnect`
 {"metadata":{"emulator":{"name":"dataconnect"},"message":"E1204 09:49:10.314218   28120 watch.go:31] Failed to load config from \"/Users/mac/yabisoapprdc/dataconnect\": could not find dataconnect.yaml in `/Users/mac/yabisoapprdc/dataconnect`\n"}}
[debug] [2025-12-04T08:49:20.313Z] E1204 09:49:20.313137   28120 watch.go:31] Failed to load config from "/Users/mac/yabisoapprdc/dataconnect": could not find dataconnect.yaml in `/Users/mac/yabisoapprdc/dataconnect`
 {"metadata":{"emulator":{"name":"dataconnect"},"message":"E1204 09:49:20.313137   28120 watch.go:31] Failed to load config from \"/Users/mac/yabisoapprdc/dataconnect\": could not find dataconnect.yaml in `/Users/mac/yabisoapprdc/dataconnect`\n"}}
[debug] [2025-12-04T08:49:30.312Z] E1204 09:49:30.312719   28120 watch.go:31] Failed to load config from "/Users/mac/yabisoapprdc/dataconnect": could not find dataconnect.yaml in `/Users/mac/yabisoapprdc/dataconnect`
 {"metadata":{"emulator":{"name":"dataconnect"},"message":"E1204 09:49:30.312719   28120 watch.go:31] Failed to load config from \"/Users/mac/yabisoapprdc/dataconnect\": could not find dataconnect.yaml in `/Users/mac/yabisoapprdc/dataconnect`\n"}}
[debug] [2025-12-04T08:49:40.312Z] E1204 09:49:40.312016   28120 watch.go:31] Failed to load config from "/Users/mac/yabisoapprdc/dataconnect": could not find dataconnect.yaml in `/Users/mac/yabisoapprdc/dataconnect`
 {"metadata":{"emulator":{"name":"dataconnect"},"message":"E1204 09:49:40.312016   28120 watch.go:31] Failed to load config from \"/Users/mac/yabisoapprdc/dataconnect\": could not find dataconnect.yaml in `/Users/mac/yabisoapprdc/dataconnect`\n"}}
[debug] [2025-12-04T08:49:50.312Z] E1204 09:49:50.311978   28120 watch.go:31] Failed to load config from "/Users/mac/yabisoapprdc/dataconnect": could not find dataconnect.yaml in `/Users/mac/yabisoapprdc/dataconnect`
 {"metadata":{"emulator":{"name":"dataconnect"},"message":"E1204 09:49:50.311978   28120 watch.go:31] Failed to load config from \"/Users/mac/yabisoapprdc/dataconnect\": could not find dataconnect.yaml in `/Users/mac/yabisoapprdc/dataconnect`\n"}}
[debug] [2025-12-04T08:50:00.312Z] E1204 09:50:00.311970   28120 watch.go:31] Failed to load config from "/Users/mac/yabisoapprdc/dataconnect": could not find dataconnect.yaml in `/Users/mac/yabisoapprdc/dataconnect`
 {"metadata":{"emulator":{"name":"dataconnect"},"message":"E1204 09:50:00.311970   28120 watch.go:31] Failed to load config from \"/Users/mac/yabisoapprdc/dataconnect\": could not find dataconnect.yaml in `/Users/mac/yabisoapprdc/dataconnect`\n"}}
[debug] [2025-12-04T08:50:10.313Z] E1204 09:50:10.312807   28120 watch.go:31] Failed to load config from "/Users/mac/yabisoapprdc/dataconnect": could not find dataconnect.yaml in `/Users/mac/yabisoapprdc/dataconnect`
 {"metadata":{"emulator":{"name":"dataconnect"},"message":"E1204 09:50:10.312807   28120 watch.go:31] Failed to load config from \"/Users/mac/yabisoapprdc/dataconnect\": could not find dataconnect.yaml in `/Users/mac/yabisoapprdc/dataconnect`\n"}}
[debug] [2025-12-04T08:50:20.313Z] E1204 09:50:20.312884   28120 watch.go:31] Failed to load config from "/Users/mac/yabisoapprdc/dataconnect": could not find dataconnect.yaml in `/Users/mac/yabisoapprdc/dataconnect`
 {"metadata":{"emulator":{"name":"dataconnect"},"message":"E1204 09:50:20.312884   28120 watch.go:31] Failed to load config from \"/Users/mac/yabisoapprdc/dataconnect\": could not find dataconnect.yaml in `/Users/mac/yabisoapprdc/dataconnect`\n"}}
[debug] [2025-12-04T08:50:20.314Z] E1204 09:50:20.313222   28120 watch.go:102] watchAllDir unable to walk dir `/Users/mac/yabisoapprdc/dataconnect`: lstat /Users/mac/yabisoapprdc/dataconnect: no such file or directory
 {"metadata":{"emulator":{"name":"dataconnect"},"message":"E1204 09:50:20.313222   28120 watch.go:102] watchAllDir unable to walk dir `/Users/mac/yabisoapprdc/dataconnect`: lstat /Users/mac/yabisoapprdc/dataconnect: no such file or directory\n"}}
[debug] [2025-12-04T08:50:30.314Z] E1204 09:50:30.314244   28120 watch.go:31] Failed to load config from "/Users/mac/yabisoapprdc/dataconnect": could not find dataconnect.yaml in `/Users/mac/yabisoapprdc/dataconnect`
 {"metadata":{"emulator":{"name":"dataconnect"},"message":"E1204 09:50:30.314244   28120 watch.go:31] Failed to load config from \"/Users/mac/yabisoapprdc/dataconnect\": could not find dataconnect.yaml in `/Users/mac/yabisoapprdc/dataconnect`\n"}}
[debug] [2025-12-04T08:50:40.312Z] E1204 09:50:40.312338   28120 watch.go:31] Failed to load config from "/Users/mac/yabisoapprdc/dataconnect": could not find dataconnect.yaml in `/Users/mac/yabisoapprdc/dataconnect`
 {"metadata":{"emulator":{"name":"dataconnect"},"message":"E1204 09:50:40.312338   28120 watch.go:31] Failed to load config from \"/Users/mac/yabisoapprdc/dataconnect\": could not find dataconnect.yaml in `/Users/mac/yabisoapprdc/dataconnect`\n"}}
[debug] [2025-12-04T08:50:50.312Z] E1204 09:50:50.312266   28120 watch.go:31] Failed to load config from "/Users/mac/yabisoapprdc/dataconnect": could not find dataconnect.yaml in `/Users/mac/yabisoapprdc/dataconnect`
 {"metadata":{"emulator":{"name":"dataconnect"},"message":"E1204 09:50:50.312266   28120 watch.go:31] Failed to load config from \"/Users/mac/yabisoapprdc/dataconnect\": could not find dataconnect.yaml in `/Users/mac/yabisoapprdc/dataconnect`\n"}}
[debug] [2025-12-04T08:51:00.312Z] E1204 09:51:00.312441   28120 watch.go:31] Failed to load config from "/Users/mac/yabisoapprdc/dataconnect": could not find dataconnect.yaml in `/Users/mac/yabisoapprdc/dataconnect`
 {"metadata":{"emulator":{"name":"dataconnect"},"message":"E1204 09:51:00.312441   28120 watch.go:31] Failed to load config from \"/Users/mac/yabisoapprdc/dataconnect\": could not find dataconnect.yaml in `/Users/mac/yabisoapprdc/dataconnect`\n"}}
[debug] [2025-12-04T08:51:10.312Z] E1204 09:51:10.312514   28120 watch.go:31] Failed to load config from "/Users/mac/yabisoapprdc/dataconnect": could not find dataconnect.yaml in `/Users/mac/yabisoapprdc/dataconnect`
 {"metadata":{"emulator":{"name":"dataconnect"},"message":"E1204 09:51:10.312514   28120 watch.go:31] Failed to load config from \"/Users/mac/yabisoapprdc/dataconnect\": could not find dataconnect.yaml in `/Users/mac/yabisoapprdc/dataconnect`\n"}}
[debug] [2025-12-04T08:51:20.313Z] E1204 09:51:20.312861   28120 watch.go:31] Failed to load config from "/Users/mac/yabisoapprdc/dataconnect": could not find dataconnect.yaml in `/Users/mac/yabisoapprdc/dataconnect`
 {"metadata":{"emulator":{"name":"dataconnect"},"message":"E1204 09:51:20.312861   28120 watch.go:31] Failed to load config from \"/Users/mac/yabisoapprdc/dataconnect\": could not find dataconnect.yaml in `/Users/mac/yabisoapprdc/dataconnect`\n"}}
[debug] [2025-12-04T08:51:30.313Z] E1204 09:51:30.313535   28120 watch.go:31] Failed to load config from "/Users/mac/yabisoapprdc/dataconnect": could not find dataconnect.yaml in `/Users/mac/yabisoapprdc/dataconnect`
 {"metadata":{"emulator":{"name":"dataconnect"},"message":"E1204 09:51:30.313535   28120 watch.go:31] Failed to load config from \"/Users/mac/yabisoapprdc/dataconnect\": could not find dataconnect.yaml in `/Users/mac/yabisoapprdc/dataconnect`\n"}}
[debug] [2025-12-04T08:51:40.312Z] E1204 09:51:40.312607   28120 watch.go:31] Failed to load config from "/Users/mac/yabisoapprdc/dataconnect": could not find dataconnect.yaml in `/Users/mac/yabisoapprdc/dataconnect`
 {"metadata":{"emulator":{"name":"dataconnect"},"message":"E1204 09:51:40.312607   28120 watch.go:31] Failed to load config from \"/Users/mac/yabisoapprdc/dataconnect\": could not find dataconnect.yaml in `/Users/mac/yabisoapprdc/dataconnect`\n"}}
[debug] [2025-12-04T08:51:50.313Z] E1204 09:51:50.313640   28120 watch.go:31] Failed to load config from "/Users/mac/yabisoapprdc/dataconnect": could not find dataconnect.yaml in `/Users/mac/yabisoapprdc/dataconnect`
 {"metadata":{"emulator":{"name":"dataconnect"},"message":"E1204 09:51:50.313640   28120 watch.go:31] Failed to load config from \"/Users/mac/yabisoapprdc/dataconnect\": could not find dataconnect.yaml in `/Users/mac/yabisoapprdc/dataconnect`\n"}}
[debug] [2025-12-04T08:52:00.313Z] E1204 09:52:00.313281   28120 watch.go:31] Failed to load config from "/Users/mac/yabisoapprdc/dataconnect": could not find dataconnect.yaml in `/Users/mac/yabisoapprdc/dataconnect`
 {"metadata":{"emulator":{"name":"dataconnect"},"message":"E1204 09:52:00.313281   28120 watch.go:31] Failed to load config from \"/Users/mac/yabisoapprdc/dataconnect\": could not find dataconnect.yaml in `/Users/mac/yabisoapprdc/dataconnect`\n"}}
[debug] [2025-12-04T08:52:10.314Z] E1204 09:52:10.313770   28120 watch.go:31] Failed to load config from "/Users/mac/yabisoapprdc/dataconnect": could not find dataconnect.yaml in `/Users/mac/yabisoapprdc/dataconnect`
 {"metadata":{"emulator":{"name":"dataconnect"},"message":"E1204 09:52:10.313770   28120 watch.go:31] Failed to load config from \"/Users/mac/yabisoapprdc/dataconnect\": could not find dataconnect.yaml in `/Users/mac/yabisoapprdc/dataconnect`\n"}}
[debug] [2025-12-04T08:52:20.315Z] E1204 09:52:20.315384   28120 watch.go:31] Failed to load config from "/Users/mac/yabisoapprdc/dataconnect": could not find dataconnect.yaml in `/Users/mac/yabisoapprdc/dataconnect`
E1204 09:52:20.315492   28120 watch.go:102] watchAllDir unable to walk dir `/Users/mac/yabisoapprdc/dataconnect`: lstat /Users/mac/yabisoapprdc/dataconnect: no such file or directory
 {"metadata":{"emulator":{"name":"dataconnect"},"message":"E1204 09:52:20.315384   28120 watch.go:31] Failed to load config from \"/Users/mac/yabisoapprdc/dataconnect\": could not find dataconnect.yaml in `/Users/mac/yabisoapprdc/dataconnect`\nE1204 09:52:20.315492   28120 watch.go:102] watchAllDir unable to walk dir `/Users/mac/yabisoapprdc/dataconnect`: lstat /Users/mac/yabisoapprdc/dataconnect: no such file or directory\n"}}
[debug] [2025-12-04T08:52:30.313Z] E1204 09:52:30.312784   28120 watch.go:31] Failed to load config from "/Users/mac/yabisoapprdc/dataconnect": could not find dataconnect.yaml in `/Users/mac/yabisoapprdc/dataconnect`
 {"metadata":{"emulator":{"name":"dataconnect"},"message":"E1204 09:52:30.312784   28120 watch.go:31] Failed to load config from \"/Users/mac/yabisoapprdc/dataconnect\": could not find dataconnect.yaml in `/Users/mac/yabisoapprdc/dataconnect`\n"}}
[debug] [2025-12-04T08:52:40.316Z] E1204 09:52:40.315201   28120 watch.go:31] Failed to load config from "/Users/mac/yabisoapprdc/dataconnect": could not find dataconnect.yaml in `/Users/mac/yabisoapprdc/dataconnect`
 {"metadata":{"emulator":{"name":"dataconnect"},"message":"E1204 09:52:40.315201   28120 watch.go:31] Failed to load config from \"/Users/mac/yabisoapprdc/dataconnect\": could not find dataconnect.yaml in `/Users/mac/yabisoapprdc/dataconnect`\n"}}
[debug] [2025-12-04T08:52:50.313Z] E1204 09:52:50.312904   28120 watch.go:31] Failed to load config from "/Users/mac/yabisoapprdc/dataconnect": could not find dataconnect.yaml in `/Users/mac/yabisoapprdc/dataconnect`
 {"metadata":{"emulator":{"name":"dataconnect"},"message":"E1204 09:52:50.312904   28120 watch.go:31] Failed to load config from \"/Users/mac/yabisoapprdc/dataconnect\": could not find dataconnect.yaml in `/Users/mac/yabisoapprdc/dataconnect`\n"}}
[debug] [2025-12-04T08:53:00.313Z] E1204 09:53:00.312872   28120 watch.go:31] Failed to load config from "/Users/mac/yabisoapprdc/dataconnect": could not find dataconnect.yaml in `/Users/mac/yabisoapprdc/dataconnect`
 {"metadata":{"emulator":{"name":"dataconnect"},"message":"E1204 09:53:00.312872   28120 watch.go:31] Failed to load config from \"/Users/mac/yabisoapprdc/dataconnect\": could not find dataconnect.yaml in `/Users/mac/yabisoapprdc/dataconnect`\n"}}
[debug] [2025-12-04T08:53:10.316Z] E1204 09:53:10.316209   28120 watch.go:31] Failed to load config from "/Users/mac/yabisoapprdc/dataconnect": could not find dataconnect.yaml in `/Users/mac/yabisoapprdc/dataconnect`
 {"metadata":{"emulator":{"name":"dataconnect"},"message":"E1204 09:53:10.316209   28120 watch.go:31] Failed to load config from \"/Users/mac/yabisoapprdc/dataconnect\": could not find dataconnect.yaml in `/Users/mac/yabisoapprdc/dataconnect`\n"}}
[debug] [2025-12-04T08:53:20.313Z] E1204 09:53:20.313403   28120 watch.go:31] Failed to load config from "/Users/mac/yabisoapprdc/dataconnect": could not find dataconnect.yaml in `/Users/mac/yabisoapprdc/dataconnect`
 {"metadata":{"emulator":{"name":"dataconnect"},"message":"E1204 09:53:20.313403   28120 watch.go:31] Failed to load config from \"/Users/mac/yabisoapprdc/dataconnect\": could not find dataconnect.yaml in `/Users/mac/yabisoapprdc/dataconnect`\n"}}
[debug] [2025-12-04T08:53:30.313Z] E1204 09:53:30.313392   28120 watch.go:31] Failed to load config from "/Users/mac/yabisoapprdc/dataconnect": could not find dataconnect.yaml in `/Users/mac/yabisoapprdc/dataconnect`
 {"metadata":{"emulator":{"name":"dataconnect"},"message":"E1204 09:53:30.313392   28120 watch.go:31] Failed to load config from \"/Users/mac/yabisoapprdc/dataconnect\": could not find dataconnect.yaml in `/Users/mac/yabisoapprdc/dataconnect`\n"}}
[debug] [2025-12-04T08:53:40.332Z] E1204 09:53:40.315720   28120 watch.go:31] Failed to load config from "/Users/mac/yabisoapprdc/dataconnect": could not find dataconnect.yaml in `/Users/mac/yabisoapprdc/dataconnect`
 {"metadata":{"emulator":{"name":"dataconnect"},"message":"E1204 09:53:40.315720   28120 watch.go:31] Failed to load config from \"/Users/mac/yabisoapprdc/dataconnect\": could not find dataconnect.yaml in `/Users/mac/yabisoapprdc/dataconnect`\n"}}
[debug] [2025-12-04T08:53:50.462Z] E1204 09:53:50.462545   28120 watch.go:31] Failed to load config from "/Users/mac/yabisoapprdc/dataconnect": could not find dataconnect.yaml in `/Users/mac/yabisoapprdc/dataconnect`
 {"metadata":{"emulator":{"name":"dataconnect"},"message":"E1204 09:53:50.462545   28120 watch.go:31] Failed to load config from \"/Users/mac/yabisoapprdc/dataconnect\": could not find dataconnect.yaml in `/Users/mac/yabisoapprdc/dataconnect`\n"}}
[debug] [2025-12-04T08:54:00.466Z] E1204 09:54:00.466094   28120 watch.go:31] Failed to load config from "/Users/mac/yabisoapprdc/dataconnect": could not find dataconnect.yaml in `/Users/mac/yabisoapprdc/dataconnect`
 {"metadata":{"emulator":{"name":"dataconnect"},"message":"E1204 09:54:00.466094   28120 watch.go:31] Failed to load config from \"/Users/mac/yabisoapprdc/dataconnect\": could not find dataconnect.yaml in `/Users/mac/yabisoapprdc/dataconnect`\n"}}
[debug] [2025-12-04T08:54:10.463Z] E1204 09:54:10.462706   28120 watch.go:31] Failed to load config from "/Users/mac/yabisoapprdc/dataconnect": could not find dataconnect.yaml in `/Users/mac/yabisoapprdc/dataconnect`
 {"metadata":{"emulator":{"name":"dataconnect"},"message":"E1204 09:54:10.462706   28120 watch.go:31] Failed to load config from \"/Users/mac/yabisoapprdc/dataconnect\": could not find dataconnect.yaml in `/Users/mac/yabisoapprdc/dataconnect`\n"}}
[debug] [2025-12-04T08:54:20.464Z] E1204 09:54:20.463360   28120 watch.go:31] Failed to load config from "/Users/mac/yabisoapprdc/dataconnect": could not find dataconnect.yaml in `/Users/mac/yabisoapprdc/dataconnect`
E1204 09:54:20.463565   28120 watch.go:102] watchAllDir unable to walk dir `/Users/mac/yabisoapprdc/dataconnect`: lstat /Users/mac/yabisoapprdc/dataconnect: no such file or directory
 {"metadata":{"emulator":{"name":"dataconnect"},"message":"E1204 09:54:20.463360   28120 watch.go:31] Failed to load config from \"/Users/mac/yabisoapprdc/dataconnect\": could not find dataconnect.yaml in `/Users/mac/yabisoapprdc/dataconnect`\nE1204 09:54:20.463565   28120 watch.go:102] watchAllDir unable to walk dir `/Users/mac/yabisoapprdc/dataconnect`: lstat /Users/mac/yabisoapprdc/dataconnect: no such file or directory\n"}}
[debug] [2025-12-04T08:54:30.467Z] E1204 09:54:30.467189   28120 watch.go:31] Failed to load config from "/Users/mac/yabisoapprdc/dataconnect": could not find dataconnect.yaml in `/Users/mac/yabisoapprdc/dataconnect`
 {"metadata":{"emulator":{"name":"dataconnect"},"message":"E1204 09:54:30.467189   28120 watch.go:31] Failed to load config from \"/Users/mac/yabisoapprdc/dataconnect\": could not find dataconnect.yaml in `/Users/mac/yabisoapprdc/dataconnect`\n"}}
[debug] [2025-12-04T08:54:40.465Z] E1204 09:54:40.465035   28120 watch.go:31] Failed to load config from "/Users/mac/yabisoapprdc/dataconnect": could not find dataconnect.yaml in `/Users/mac/yabisoapprdc/dataconnect`
 {"metadata":{"emulator":{"name":"dataconnect"},"message":"E1204 09:54:40.465035   28120 watch.go:31] Failed to load config from \"/Users/mac/yabisoapprdc/dataconnect\": could not find dataconnect.yaml in `/Users/mac/yabisoapprdc/dataconnect`\n"}}
[debug] [2025-12-04T08:54:50.462Z] E1204 09:54:50.462667   28120 watch.go:31] Failed to load config from "/Users/mac/yabisoapprdc/dataconnect": could not find dataconnect.yaml in `/Users/mac/yabisoapprdc/dataconnect`
 {"metadata":{"emulator":{"name":"dataconnect"},"message":"E1204 09:54:50.462667   28120 watch.go:31] Failed to load config from \"/Users/mac/yabisoapprdc/dataconnect\": could not find dataconnect.yaml in `/Users/mac/yabisoapprdc/dataconnect`\n"}}
[debug] [2025-12-04T08:55:00.467Z] E1204 09:55:00.467230   28120 watch.go:31] Failed to load config from "/Users/mac/yabisoapprdc/dataconnect": could not find dataconnect.yaml in `/Users/mac/yabisoapprdc/dataconnect`
 {"metadata":{"emulator":{"name":"dataconnect"},"message":"E1204 09:55:00.467230   28120 watch.go:31] Failed to load config from \"/Users/mac/yabisoapprdc/dataconnect\": could not find dataconnect.yaml in `/Users/mac/yabisoapprdc/dataconnect`\n"}}
[debug] [2025-12-04T08:55:10.464Z] E1204 09:55:10.464567   28120 watch.go:31] Failed to load config from "/Users/mac/yabisoapprdc/dataconnect": could not find dataconnect.yaml in `/Users/mac/yabisoapprdc/dataconnect`
 {"metadata":{"emulator":{"name":"dataconnect"},"message":"E1204 09:55:10.464567   28120 watch.go:31] Failed to load config from \"/Users/mac/yabisoapprdc/dataconnect\": could not find dataconnect.yaml in `/Users/mac/yabisoapprdc/dataconnect`\n"}}
[debug] [2025-12-04T08:55:20.465Z] E1204 09:55:20.465097   28120 watch.go:31] Failed to load config from "/Users/mac/yabisoapprdc/dataconnect": could not find dataconnect.yaml in `/Users/mac/yabisoapprdc/dataconnect`
 {"metadata":{"emulator":{"name":"dataconnect"},"message":"E1204 09:55:20.465097   28120 watch.go:31] Failed to load config from \"/Users/mac/yabisoapprdc/dataconnect\": could not find dataconnect.yaml in `/Users/mac/yabisoapprdc/dataconnect`\n"}}
[debug] [2025-12-04T08:55:30.464Z] E1204 09:55:30.464164   28120 watch.go:31] Failed to load config from "/Users/mac/yabisoapprdc/dataconnect": could not find dataconnect.yaml in `/Users/mac/yabisoapprdc/dataconnect`
 {"metadata":{"emulator":{"name":"dataconnect"},"message":"E1204 09:55:30.464164   28120 watch.go:31] Failed to load config from \"/Users/mac/yabisoapprdc/dataconnect\": could not find dataconnect.yaml in `/Users/mac/yabisoapprdc/dataconnect`\n"}}
[debug] [2025-12-04T08:55:40.466Z] E1204 09:55:40.466008   28120 watch.go:31] Failed to load config from "/Users/mac/yabisoapprdc/dataconnect": could not find dataconnect.yaml in `/Users/mac/yabisoapprdc/dataconnect`
 {"metadata":{"emulator":{"name":"dataconnect"},"message":"E1204 09:55:40.466008   28120 watch.go:31] Failed to load config from \"/Users/mac/yabisoapprdc/dataconnect\": could not find dataconnect.yaml in `/Users/mac/yabisoapprdc/dataconnect`\n"}}
[debug] [2025-12-04T08:55:50.464Z] E1204 09:55:50.464006   28120 watch.go:31] Failed to load config from "/Users/mac/yabisoapprdc/dataconnect": could not find dataconnect.yaml in `/Users/mac/yabisoapprdc/dataconnect`
 {"metadata":{"emulator":{"name":"dataconnect"},"message":"E1204 09:55:50.464006   28120 watch.go:31] Failed to load config from \"/Users/mac/yabisoapprdc/dataconnect\": could not find dataconnect.yaml in `/Users/mac/yabisoapprdc/dataconnect`\n"}}
[debug] [2025-12-04T08:56:00.466Z] E1204 09:56:00.465971   28120 watch.go:31] Failed to load config from "/Users/mac/yabisoapprdc/dataconnect": could not find dataconnect.yaml in `/Users/mac/yabisoapprdc/dataconnect`
 {"metadata":{"emulator":{"name":"dataconnect"},"message":"E1204 09:56:00.465971   28120 watch.go:31] Failed to load config from \"/Users/mac/yabisoapprdc/dataconnect\": could not find dataconnect.yaml in `/Users/mac/yabisoapprdc/dataconnect`\n"}}
[debug] [2025-12-04T08:56:10.465Z] E1204 09:56:10.464210   28120 watch.go:31] Failed to load config from "/Users/mac/yabisoapprdc/dataconnect": could not find dataconnect.yaml in `/Users/mac/yabisoapprdc/dataconnect`
 {"metadata":{"emulator":{"name":"dataconnect"},"message":"E1204 09:56:10.464210   28120 watch.go:31] Failed to load config from \"/Users/mac/yabisoapprdc/dataconnect\": could not find dataconnect.yaml in `/Users/mac/yabisoapprdc/dataconnect`\n"}}
[debug] [2025-12-04T08:56:20.464Z] E1204 09:56:20.464299   28120 watch.go:31] Failed to load config from "/Users/mac/yabisoapprdc/dataconnect": could not find dataconnect.yaml in `/Users/mac/yabisoapprdc/dataconnect`
E1204 09:56:20.464416   28120 watch.go:102] watchAllDir unable to walk dir `/Users/mac/yabisoapprdc/dataconnect`: lstat /Users/mac/yabisoapprdc/dataconnect: no such file or directory
 {"metadata":{"emulator":{"name":"dataconnect"},"message":"E1204 09:56:20.464299   28120 watch.go:31] Failed to load config from \"/Users/mac/yabisoapprdc/dataconnect\": could not find dataconnect.yaml in `/Users/mac/yabisoapprdc/dataconnect`\nE1204 09:56:20.464416   28120 watch.go:102] watchAllDir unable to walk dir `/Users/mac/yabisoapprdc/dataconnect`: lstat /Users/mac/yabisoapprdc/dataconnect: no such file or directory\n"}}
[debug] [2025-12-04T08:56:30.465Z] E1204 09:56:30.465402   28120 watch.go:31] Failed to load config from "/Users/mac/yabisoapprdc/dataconnect": could not find dataconnect.yaml in `/Users/mac/yabisoapprdc/dataconnect`
 {"metadata":{"emulator":{"name":"dataconnect"},"message":"E1204 09:56:30.465402   28120 watch.go:31] Failed to load config from \"/Users/mac/yabisoapprdc/dataconnect\": could not find dataconnect.yaml in `/Users/mac/yabisoapprdc/dataconnect`\n"}}
[debug] [2025-12-04T08:56:40.465Z] E1204 09:56:40.465504   28120 watch.go:31] Failed to load config from "/Users/mac/yabisoapprdc/dataconnect": could not find dataconnect.yaml in `/Users/mac/yabisoapprdc/dataconnect`
 {"metadata":{"emulator":{"name":"dataconnect"},"message":"E1204 09:56:40.465504   28120 watch.go:31] Failed to load config from \"/Users/mac/yabisoapprdc/dataconnect\": could not find dataconnect.yaml in `/Users/mac/yabisoapprdc/dataconnect`\n"}}
[debug] [2025-12-04T08:56:50.465Z] E1204 09:56:50.464814   28120 watch.go:31] Failed to load config from "/Users/mac/yabisoapprdc/dataconnect": could not find dataconnect.yaml in `/Users/mac/yabisoapprdc/dataconnect`
 {"metadata":{"emulator":{"name":"dataconnect"},"message":"E1204 09:56:50.464814   28120 watch.go:31] Failed to load config from \"/Users/mac/yabisoapprdc/dataconnect\": could not find dataconnect.yaml in `/Users/mac/yabisoapprdc/dataconnect`\n"}}
[debug] [2025-12-04T08:57:00.465Z] E1204 09:57:00.464941   28120 watch.go:31] Failed to load config from "/Users/mac/yabisoapprdc/dataconnect": could not find dataconnect.yaml in `/Users/mac/yabisoapprdc/dataconnect`
 {"metadata":{"emulator":{"name":"dataconnect"},"message":"E1204 09:57:00.464941   28120 watch.go:31] Failed to load config from \"/Users/mac/yabisoapprdc/dataconnect\": could not find dataconnect.yaml in `/Users/mac/yabisoapprdc/dataconnect`\n"}}
[debug] [2025-12-04T08:57:10.465Z] E1204 09:57:10.465226   28120 watch.go:31] Failed to load config from "/Users/mac/yabisoapprdc/dataconnect": could not find dataconnect.yaml in `/Users/mac/yabisoapprdc/dataconnect`
 {"metadata":{"emulator":{"name":"dataconnect"},"message":"E1204 09:57:10.465226   28120 watch.go:31] Failed to load config from \"/Users/mac/yabisoapprdc/dataconnect\": could not find dataconnect.yaml in `/Users/mac/yabisoapprdc/dataconnect`\n"}}
[debug] [2025-12-04T08:57:20.465Z] E1204 09:57:20.465340   28120 watch.go:31] Failed to load config from "/Users/mac/yabisoapprdc/dataconnect": could not find dataconnect.yaml in `/Users/mac/yabisoapprdc/dataconnect`
 {"metadata":{"emulator":{"name":"dataconnect"},"message":"E1204 09:57:20.465340   28120 watch.go:31] Failed to load config from \"/Users/mac/yabisoapprdc/dataconnect\": could not find dataconnect.yaml in `/Users/mac/yabisoapprdc/dataconnect`\n"}}
[debug] [2025-12-04T08:57:30.466Z] E1204 09:57:30.466656   28120 watch.go:31] Failed to load config from "/Users/mac/yabisoapprdc/dataconnect": could not find dataconnect.yaml in `/Users/mac/yabisoapprdc/dataconnect`
 {"metadata":{"emulator":{"name":"dataconnect"},"message":"E1204 09:57:30.466656   28120 watch.go:31] Failed to load config from \"/Users/mac/yabisoapprdc/dataconnect\": could not find dataconnect.yaml in `/Users/mac/yabisoapprdc/dataconnect`\n"}}
[debug] [2025-12-04T08:57:40.467Z] E1204 09:57:40.466814   28120 watch.go:31] Failed to load config from "/Users/mac/yabisoapprdc/dataconnect": could not find dataconnect.yaml in `/Users/mac/yabisoapprdc/dataconnect`
 {"metadata":{"emulator":{"name":"dataconnect"},"message":"E1204 09:57:40.466814   28120 watch.go:31] Failed to load config from \"/Users/mac/yabisoapprdc/dataconnect\": could not find dataconnect.yaml in `/Users/mac/yabisoapprdc/dataconnect`\n"}}
[debug] [2025-12-04T08:57:50.467Z] E1204 09:57:50.467051   28120 watch.go:31] Failed to load config from "/Users/mac/yabisoapprdc/dataconnect": could not find dataconnect.yaml in `/Users/mac/yabisoapprdc/dataconnect`
 {"metadata":{"emulator":{"name":"dataconnect"},"message":"E1204 09:57:50.467051   28120 watch.go:31] Failed to load config from \"/Users/mac/yabisoapprdc/dataconnect\": could not find dataconnect.yaml in `/Users/mac/yabisoapprdc/dataconnect`\n"}}
[debug] [2025-12-04T08:58:00.487Z] E1204 09:58:00.467186   28120 watch.go:31] Failed to load config from "/Users/mac/yabisoapprdc/dataconnect": could not find dataconnect.yaml in `/Users/mac/yabisoapprdc/dataconnect`
 {"metadata":{"emulator":{"name":"dataconnect"},"message":"E1204 09:58:00.467186   28120 watch.go:31] Failed to load config from \"/Users/mac/yabisoapprdc/dataconnect\": could not find dataconnect.yaml in `/Users/mac/yabisoapprdc/dataconnect`\n"}}
[debug] [2025-12-04T08:58:10.471Z] E1204 09:58:10.471491   28120 watch.go:31] Failed to load config from "/Users/mac/yabisoapprdc/dataconnect": could not find dataconnect.yaml in `/Users/mac/yabisoapprdc/dataconnect`
 {"metadata":{"emulator":{"name":"dataconnect"},"message":"E1204 09:58:10.471491   28120 watch.go:31] Failed to load config from \"/Users/mac/yabisoapprdc/dataconnect\": could not find dataconnect.yaml in `/Users/mac/yabisoapprdc/dataconnect`\n"}}
[debug] [2025-12-04T08:58:20.468Z] E1204 09:58:20.467137   28120 watch.go:31] Failed to load config from "/Users/mac/yabisoapprdc/dataconnect": could not find dataconnect.yaml in `/Users/mac/yabisoapprdc/dataconnect`
E1204 09:58:20.467246   28120 watch.go:102] watchAllDir unable to walk dir `/Users/mac/yabisoapprdc/dataconnect`: lstat /Users/mac/yabisoapprdc/dataconnect: no such file or directory
 {"metadata":{"emulator":{"name":"dataconnect"},"message":"E1204 09:58:20.467137   28120 watch.go:31] Failed to load config from \"/Users/mac/yabisoapprdc/dataconnect\": could not find dataconnect.yaml in `/Users/mac/yabisoapprdc/dataconnect`\nE1204 09:58:20.467246   28120 watch.go:102] watchAllDir unable to walk dir `/Users/mac/yabisoapprdc/dataconnect`: lstat /Users/mac/yabisoapprdc/dataconnect: no such file or directory\n"}}
[debug] [2025-12-04T08:58:30.473Z] E1204 09:58:30.473544   28120 watch.go:31] Failed to load config from "/Users/mac/yabisoapprdc/dataconnect": could not find dataconnect.yaml in `/Users/mac/yabisoapprdc/dataconnect`
 {"metadata":{"emulator":{"name":"dataconnect"},"message":"E1204 09:58:30.473544   28120 watch.go:31] Failed to load config from \"/Users/mac/yabisoapprdc/dataconnect\": could not find dataconnect.yaml in `/Users/mac/yabisoapprdc/dataconnect`\n"}}
[debug] [2025-12-04T08:58:40.467Z] E1204 09:58:40.466900   28120 watch.go:31] Failed to load config from "/Users/mac/yabisoapprdc/dataconnect": could not find dataconnect.yaml in `/Users/mac/yabisoapprdc/dataconnect`
 {"metadata":{"emulator":{"name":"dataconnect"},"message":"E1204 09:58:40.466900   28120 watch.go:31] Failed to load config from \"/Users/mac/yabisoapprdc/dataconnect\": could not find dataconnect.yaml in `/Users/mac/yabisoapprdc/dataconnect`\n"}}
[debug] [2025-12-04T08:58:50.468Z] E1204 09:58:50.467898   28120 watch.go:31] Failed to load config from "/Users/mac/yabisoapprdc/dataconnect": could not find dataconnect.yaml in `/Users/mac/yabisoapprdc/dataconnect`
 {"metadata":{"emulator":{"name":"dataconnect"},"message":"E1204 09:58:50.467898   28120 watch.go:31] Failed to load config from \"/Users/mac/yabisoapprdc/dataconnect\": could not find dataconnect.yaml in `/Users/mac/yabisoapprdc/dataconnect`\n"}}
[debug] [2025-12-04T08:59:00.468Z] E1204 09:59:00.468218   28120 watch.go:31] Failed to load config from "/Users/mac/yabisoapprdc/dataconnect": could not find dataconnect.yaml in `/Users/mac/yabisoapprdc/dataconnect`
 {"metadata":{"emulator":{"name":"dataconnect"},"message":"E1204 09:59:00.468218   28120 watch.go:31] Failed to load config from \"/Users/mac/yabisoapprdc/dataconnect\": could not find dataconnect.yaml in `/Users/mac/yabisoapprdc/dataconnect`\n"}}
[debug] [2025-12-04T08:59:10.468Z] E1204 09:59:10.468405   28120 watch.go:31] Failed to load config from "/Users/mac/yabisoapprdc/dataconnect": could not find dataconnect.yaml in `/Users/mac/yabisoapprdc/dataconnect`
 {"metadata":{"emulator":{"name":"dataconnect"},"message":"E1204 09:59:10.468405   28120 watch.go:31] Failed to load config from \"/Users/mac/yabisoapprdc/dataconnect\": could not find dataconnect.yaml in `/Users/mac/yabisoapprdc/dataconnect`\n"}}
[debug] [2025-12-04T08:59:20.467Z] E1204 09:59:20.467691   28120 watch.go:31] Failed to load config from "/Users/mac/yabisoapprdc/dataconnect": could not find dataconnect.yaml in `/Users/mac/yabisoapprdc/dataconnect`
 {"metadata":{"emulator":{"name":"dataconnect"},"message":"E1204 09:59:20.467691   28120 watch.go:31] Failed to load config from \"/Users/mac/yabisoapprdc/dataconnect\": could not find dataconnect.yaml in `/Users/mac/yabisoapprdc/dataconnect`\n"}}
[debug] [2025-12-04T08:59:30.468Z] E1204 09:59:30.468660   28120 watch.go:31] Failed to load config from "/Users/mac/yabisoapprdc/dataconnect": could not find dataconnect.yaml in `/Users/mac/yabisoapprdc/dataconnect`
 {"metadata":{"emulator":{"name":"dataconnect"},"message":"E1204 09:59:30.468660   28120 watch.go:31] Failed to load config from \"/Users/mac/yabisoapprdc/dataconnect\": could not find dataconnect.yaml in `/Users/mac/yabisoapprdc/dataconnect`\n"}}
